This file contains any messages produced by compilers while
running configure, to aid debugging if configure makes a mistake.

It was created by enigma-encriptor configure 0.1, which was
generated by GNU Autoconf 2.65.  Invocation command line was

  $ ./configure 

## --------- ##
## Platform. ##
## --------- ##

hostname = goblin
uname -m = x86_64
uname -r = 2.6.36-gentoo-r5-own-0.4.1
uname -s = Linux
uname -v = #3 SMP Sun Jan 2 08:05:55 MSK 2011

/usr/bin/uname -p = Intel(R) Core(TM)2 Duo CPU E6750 @ 2.66GHz
/bin/uname -X     = unknown

/bin/arch              = unknown
/usr/bin/arch -k       = unknown
/usr/convex/getsysinfo = unknown
/usr/bin/hostinfo      = unknown
/bin/machine           = unknown
/usr/bin/oslevel       = unknown
/bin/universe          = unknown

PATH: /usr/kde/3.5/bin
PATH: /usr/local/bin
PATH: /usr/bin
PATH: /bin
PATH: /opt/bin
PATH: /usr/i486-pc-linux-gnu/gcc-bin/4.3.2
PATH: /usr/i686-pc-linux-gnu/gcc-bin/4.3.2
PATH: /usr/x86_64-pc-linux-gnu/gcc-bin/4.4.4
PATH: /opt/intel/cce/10.0.026/bin
PATH: /usr/qt/3/bin
PATH: /usr/games/bin


## ----------- ##
## Core tests. ##
## ----------- ##

configure:2105: checking for gcc
configure:2121: found /usr/bin/gcc
configure:2132: result: gcc
configure:2361: checking for C compiler version
configure:2370: gcc --version >&5
gcc (Gentoo 4.4.4-r2 p1.3, pie-0.4.5) 4.4.4
Copyright (C) 2010 Free Software Foundation, Inc.
This is free software; see the source for copying conditions.  There is NO
warranty; not even for MERCHANTABILITY or FITNESS FOR A PARTICULAR PURPOSE.

configure:2381: $? = 0
configure:2370: gcc -v >&5
Using built-in specs.
Target: x86_64-pc-linux-gnu
Configured with: /var/tmp/portage/sys-devel/gcc-4.4.4-r2/work/gcc-4.4.4/configure --prefix=/usr --bindir=/usr/x86_64-pc-linux-gnu/gcc-bin/4.4.4 --includedir=/usr/lib/gcc/x86_64-pc-linux-gnu/4.4.4/include --datadir=/usr/share/gcc-data/x86_64-pc-linux-gnu/4.4.4 --mandir=/usr/share/gcc-data/x86_64-pc-linux-gnu/4.4.4/man --infodir=/usr/share/gcc-data/x86_64-pc-linux-gnu/4.4.4/info --with-gxx-include-dir=/usr/lib/gcc/x86_64-pc-linux-gnu/4.4.4/include/g++-v4 --host=x86_64-pc-linux-gnu --build=x86_64-pc-linux-gnu --disable-altivec --disable-fixed-point --without-ppl --without-cloog --enable-nls --without-included-gettext --with-system-zlib --disable-werror --enable-secureplt --enable-multilib --enable-libmudflap --disable-libssp --enable-libgomp --with-python-dir=/share/gcc-data/x86_64-pc-linux-gnu/4.4.4/python --enable-checking=release --disable-libgcj --enable-languages=c,c++,fortran --enable-shared --enable-threads=posix --enable-__cxa_atexit --enable-clocale=gnu --with-bugurl=http://bugs.gentoo.org/ --with-pkgversion='Gentoo 4.4.4-r2 p1.3, pie-0.4.5'
Thread model: posix
gcc version 4.4.4 (Gentoo 4.4.4-r2 p1.3, pie-0.4.5) 
configure:2381: $? = 0
configure:2370: gcc -V >&5
gcc: '-V' option must have argument
configure:2381: $? = 1
configure:2370: gcc -qversion >&5
gcc: unrecognized option '-qversion'
gcc: no input files
configure:2381: $? = 1
configure:2401: checking whether the C compiler works
configure:2423: gcc    conftest.c  >&5
configure:2427: $? = 0
configure:2476: result: yes
configure:2479: checking for C compiler default output file name
configure:2481: result: a.out
configure:2487: checking for suffix of executables
configure:2494: gcc -o conftest    conftest.c  >&5
configure:2498: $? = 0
configure:2520: result: 
configure:2542: checking whether we are cross compiling
configure:2550: gcc -o conftest    conftest.c  >&5
configure:2554: $? = 0
configure:2561: ./conftest
configure:2565: $? = 0
configure:2580: result: no
configure:2585: checking for suffix of object files
configure:2607: gcc -c   conftest.c >&5
configure:2611: $? = 0
configure:2632: result: o
configure:2636: checking whether we are using the GNU C compiler
configure:2655: gcc -c   conftest.c >&5
configure:2655: $? = 0
configure:2664: result: yes
configure:2673: checking whether gcc accepts -g
configure:2693: gcc -c -g  conftest.c >&5
configure:2693: $? = 0
configure:2734: result: yes
configure:2751: checking for gcc option to accept ISO C89
configure:2815: gcc  -c -g -O2  conftest.c >&5
configure:2815: $? = 0
configure:2828: result: none needed
configure:2858: checking how to run the C preprocessor
configure:2889: gcc -E  conftest.c
configure:2889: $? = 0
configure:2903: gcc -E  conftest.c
conftest.c:9:28: error: ac_nonexistent.h: No such file or directory
configure:2903: $? = 1
configure: failed program was:
| /* confdefs.h */
| #define PACKAGE_NAME "enigma-encriptor"
| #define PACKAGE_TARNAME "enigma-encriptor"
| #define PACKAGE_VERSION "0.1"
| #define PACKAGE_STRING "enigma-encriptor 0.1"
| #define PACKAGE_BUGREPORT ""
| #define PACKAGE_URL ""
| /* end confdefs.h.  */
| #include <ac_nonexistent.h>
configure:2928: result: gcc -E
configure:2948: gcc -E  conftest.c
configure:2948: $? = 0
configure:2962: gcc -E  conftest.c
conftest.c:9:28: error: ac_nonexistent.h: No such file or directory
configure:2962: $? = 1
configure: failed program was:
| /* confdefs.h */
| #define PACKAGE_NAME "enigma-encriptor"
| #define PACKAGE_TARNAME "enigma-encriptor"
| #define PACKAGE_VERSION "0.1"
| #define PACKAGE_STRING "enigma-encriptor 0.1"
| #define PACKAGE_BUGREPORT ""
| #define PACKAGE_URL ""
| /* end confdefs.h.  */
| #include <ac_nonexistent.h>
configure:2991: checking for grep that handles long lines and -e
configure:3049: result: /bin/grep
configure:3054: checking for egrep
configure:3116: result: /bin/grep -E
configure:3121: checking for ANSI C header files
configure:3141: gcc -c -g -O2  conftest.c >&5
configure:3141: $? = 0
configure:3214: gcc -o conftest -g -O2   conftest.c  >&5
configure:3214: $? = 0
configure:3214: ./conftest
configure:3214: $? = 0
configure:3225: result: yes
configure:3238: checking for sys/types.h
configure:3238: gcc -c -g -O2  conftest.c >&5
configure:3238: $? = 0
configure:3238: result: yes
configure:3238: checking for sys/stat.h
configure:3238: gcc -c -g -O2  conftest.c >&5
configure:3238: $? = 0
configure:3238: result: yes
configure:3238: checking for stdlib.h
configure:3238: gcc -c -g -O2  conftest.c >&5
configure:3238: $? = 0
configure:3238: result: yes
configure:3238: checking for string.h
configure:3238: gcc -c -g -O2  conftest.c >&5
configure:3238: $? = 0
configure:3238: result: yes
configure:3238: checking for memory.h
configure:3238: gcc -c -g -O2  conftest.c >&5
configure:3238: $? = 0
configure:3238: result: yes
configure:3238: checking for strings.h
configure:3238: gcc -c -g -O2  conftest.c >&5
configure:3238: $? = 0
configure:3238: result: yes
configure:3238: checking for inttypes.h
configure:3238: gcc -c -g -O2  conftest.c >&5
configure:3238: $? = 0
configure:3238: result: yes
configure:3238: checking for stdint.h
configure:3238: gcc -c -g -O2  conftest.c >&5
configure:3238: $? = 0
configure:3238: result: yes
configure:3238: checking for unistd.h
configure:3238: gcc -c -g -O2  conftest.c >&5
configure:3238: $? = 0
configure:3238: result: yes
configure:3254: checking for stdlib.h
configure:3254: result: yes
configure:3254: checking for string.h
configure:3254: result: yes
configure:3267: checking for inline
configure:3283: gcc -c -g -O2  conftest.c >&5
configure:3283: $? = 0
configure:3291: result: inline
configure:3313: checking for strstr
configure:3313: gcc -o conftest -g -O2   conftest.c  >&5
conftest.c:44: warning: conflicting types for built-in function 'strstr'
configure:3313: $? = 0
configure:3313: result: yes
configure:3427: creating ./config.status

## ---------------------- ##
## Running config.status. ##
## ---------------------- ##

This file was extended by enigma-encriptor config.status 0.1, which was
generated by GNU Autoconf 2.65.  Invocation command line was

  CONFIG_FILES    = 
  CONFIG_HEADERS  = 
  CONFIG_LINKS    = 
  CONFIG_COMMANDS = 
  $ ./config.status 

on goblin

config.status:790: error: cannot find input file: `src/Makefile.in'

## ---------------- ##
## Cache variables. ##
## ---------------- ##

ac_cv_c_compiler_gnu=yes
ac_cv_c_inline=inline
ac_cv_env_CC_set=
ac_cv_env_CC_value=
ac_cv_env_CFLAGS_set=
ac_cv_env_CFLAGS_value=
ac_cv_env_CPPFLAGS_set=
ac_cv_env_CPPFLAGS_value=
ac_cv_env_CPP_set=
ac_cv_env_CPP_value=
ac_cv_env_LDFLAGS_set=
ac_cv_env_LDFLAGS_value=
ac_cv_env_LIBS_set=
ac_cv_env_LIBS_value=
ac_cv_env_build_alias_set=
ac_cv_env_build_alias_value=
ac_cv_env_host_alias_set=
ac_cv_env_host_alias_value=
ac_cv_env_target_alias_set=
ac_cv_env_target_alias_value=
ac_cv_func_strstr=yes
ac_cv_header_inttypes_h=yes
ac_cv_header_memory_h=yes
ac_cv_header_stdc=yes
ac_cv_header_stdint_h=yes
ac_cv_header_stdlib_h=yes
ac_cv_header_string_h=yes
ac_cv_header_strings_h=yes
ac_cv_header_sys_stat_h=yes
ac_cv_header_sys_types_h=yes
ac_cv_header_unistd_h=yes
ac_cv_objext=o
ac_cv_path_EGREP='/bin/grep -E'
ac_cv_path_GREP=/bin/grep
ac_cv_prog_CPP='gcc -E'
ac_cv_prog_ac_ct_CC=gcc
ac_cv_prog_cc_c89=
ac_cv_prog_cc_g=yes

## ----------------- ##
## Output variables. ##
## ----------------- ##

CC='gcc'
CFLAGS='-g -O2'
CPP='gcc -E'
CPPFLAGS=''
DEFS='-DHAVE_CONFIG_H'
ECHO_C=''
ECHO_N='-n'
ECHO_T=''
EGREP='/bin/grep -E'
EXEEXT=''
GREP='/bin/grep'
LDFLAGS=''
LIBOBJS=''
LIBS=''
LTLIBOBJS=''
OBJEXT='o'
PACKAGE_BUGREPORT=''
PACKAGE_NAME='enigma-encriptor'
PACKAGE_STRING='enigma-encriptor 0.1'
PACKAGE_TARNAME='enigma-encriptor'
PACKAGE_URL=''
PACKAGE_VERSION='0.1'
PATH_SEPARATOR=':'
SHELL='/bin/sh'
ac_ct_CC='gcc'
bindir='${exec_prefix}/bin'
build_alias=''
datadir='${datarootdir}'
datarootdir='${prefix}/share'
docdir='${datarootdir}/doc/${PACKAGE_TARNAME}'
dvidir='${docdir}'
exec_prefix='${prefix}'
host_alias=''
htmldir='${docdir}'
includedir='${prefix}/include'
infodir='${datarootdir}/info'
libdir='${exec_prefix}/lib'
libexecdir='${exec_prefix}/libexec'
localedir='${datarootdir}/locale'
localstatedir='${prefix}/var'
mandir='${datarootdir}/man'
oldincludedir='/usr/include'
pdfdir='${docdir}'
prefix='/usr/local'
program_transform_name='s,x,x,'
psdir='${docdir}'
sbindir='${exec_prefix}/sbin'
sharedstatedir='${prefix}/com'
sysconfdir='${prefix}/etc'
target_alias=''

## ----------- ##
## confdefs.h. ##
## ----------- ##

/* confdefs.h */
#define PACKAGE_NAME "enigma-encriptor"
#define PACKAGE_TARNAME "enigma-encriptor"
#define PACKAGE_VERSION "0.1"
#define PACKAGE_STRING "enigma-encriptor 0.1"
#define PACKAGE_BUGREPORT ""
#define PACKAGE_URL ""
#define STDC_HEADERS 1
#define HAVE_SYS_TYPES_H 1
#define HAVE_SYS_STAT_H 1
#define HAVE_STDLIB_H 1
#define HAVE_STRING_H 1
#define HAVE_MEMORY_H 1
#define HAVE_STRINGS_H 1
#define HAVE_INTTYPES_H 1
#define HAVE_STDINT_H 1
#define HAVE_UNISTD_H 1
#define HAVE_STDLIB_H 1
#define HAVE_STRING_H 1
#define HAVE_STRSTR 1

configure: exit 1
